<?xml version="1.0" encoding="UTF-8"?>
<!-- Generated by org.testng.reporters.JUnitReportReporter -->
<testsuite hostname="DESKTOP-DCFT7UU" failures="0" tests="3" name="pageTestPackage.LandingPageTest" time="14.369" errors="0" timestamp="2023-01-21T19:25:32 EST" skipped="0">
  <testcase classname="pageTestPackage.LandingPageTest" name="verifyLandingTitle" time="4.037"/>
  <system-out/>
  <testcase classname="pageTestPackage.LandingPageTest" name="verifyHomeBtn" time="2.641"/>
  <system-out/>
  <testcase classname="pageTestPackage.LandingPageTest" name="verifySchBtn" time="7.691"/>
  <system-out/>
</testsuite> <!-- pageTestPackage.LandingPageTest -->
