<?xml version="1.0" encoding="UTF-8"?>
<!-- Generated by org.testng.reporters.JUnitReportReporter -->
<testsuite hostname="DESKTOP-DCFT7UU" failures="0" tests="4" name="pageTestPackage.HomePageTest" time="17.375" errors="0" timestamp="2023-01-21T19:25:32 EST" skipped="0">
  <testcase classname="pageTestPackage.HomePageTest" name="TestTitle" time="3.144"/>
  <system-out/>
  <testcase classname="pageTestPackage.HomePageTest" name="verifyfreestudentTest" time="3.392"/>
  <system-out/>
  <testcase classname="pageTestPackage.HomePageTest" name="verifywbllogoTest" time="3.397"/>
  <system-out/>
  <testcase classname="pageTestPackage.HomePageTest" name="verifyloginTest" time="7.442"/>
  <system-out/>
</testsuite> <!-- pageTestPackage.HomePageTest -->
