<?xml version="1.0" encoding="UTF-8"?>
<!-- Generated by org.testng.reporters.JUnitReportReporter -->
<testsuite hostname="DESKTOP-DCFT7UU" failures="0" tests="3" name="pageTestPackage.LoginPageTest" time="44.317" errors="0" timestamp="2023-01-21T19:25:32 EST" skipped="0">
  <testcase classname="pageTestPackage.LoginPageTest" name="verifyregister" time="5.530"/>
  <system-out/>
  <testcase classname="pageTestPackage.LoginPageTest" name="verifyLoginTitle" time="6.925"/>
  <system-out/>
  <testcase classname="pageTestPackage.LoginPageTest" name="loginTest" time="31.862"/>
  <system-out/>
</testsuite> <!-- pageTestPackage.LoginPageTest -->
